------------------------------以下是训练过程------------------------------
[2023-01-03 07:49:29.068119]: epoch 1
[2023-01-03 07:50:24.329709]: text loss 21.9109 | rating loss 1.4529 |   200/  519 batches
[2023-01-03 07:51:18.363773]: text loss 16.9877 | rating loss 0.9718 |   400/  519 batches
[2023-01-03 07:51:50.321003]: text loss 16.7325 | rating loss 0.9492 |   519/  519 batches
[2023-01-03 07:51:56.132170]: text loss 15.5067 | rating loss 0.9161 | valid loss 3.6574 on validation
[2023-01-03 07:51:57.219839]: epoch 2
[2023-01-03 07:52:51.355167]: text loss 14.1542 | rating loss 0.8783 |   200/  519 batches
[2023-01-03 07:53:45.371688]: text loss 14.0993 | rating loss 0.8574 |   400/  519 batches
[2023-01-03 07:54:17.333244]: text loss 14.1444 | rating loss 0.8120 |   519/  519 batches
[2023-01-03 07:54:23.126186]: text loss 15.1146 | rating loss 0.8198 | valid loss 3.5354 on validation
[2023-01-03 07:54:24.149906]: epoch 3
[2023-01-03 07:55:18.377006]: text loss 11.8226 | rating loss 0.8162 |   200/  519 batches
[2023-01-03 07:56:12.537035]: text loss 12.2013 | rating loss 0.8048 |   400/  519 batches
[2023-01-03 07:56:44.520798]: text loss 12.3709 | rating loss 0.7871 |   519/  519 batches
[2023-01-03 07:56:50.327161]: text loss 15.3409 | rating loss 0.8053 | valid loss 3.5358 on validation
[2023-01-03 07:56:50.327585]: Endured 1 time(s)
[2023-01-03 07:56:50.327714]: epoch 4
[2023-01-03 07:57:44.441716]: text loss 10.1716 | rating loss 0.7757 |   200/  519 batches
[2023-01-03 07:58:38.531336]: text loss 10.5551 | rating loss 0.7705 |   400/  519 batches
[2023-01-03 07:59:10.469914]: text loss 10.6906 | rating loss 0.7642 |   519/  519 batches
[2023-01-03 07:59:16.282501]: text loss 15.8892 | rating loss 0.7554 | valid loss 3.5210 on validation
[2023-01-03 07:59:17.312361]: epoch 5
[2023-01-03 08:00:11.454555]: text loss 8.7077 | rating loss 0.7504 |   200/  519 batches
[2023-01-03 08:01:05.606071]: text loss 9.1500 | rating loss 0.7510 |   400/  519 batches
[2023-01-03 08:01:37.604443]: text loss 9.2521 | rating loss 0.7447 |   519/  519 batches
[2023-01-03 08:01:43.436980]: text loss 17.0212 | rating loss 0.7430 | valid loss 3.5774 on validation
[2023-01-03 08:01:43.437736]: Endured 2 time(s)
[2023-01-03 08:01:43.437883]: epoch 6
[2023-01-03 08:02:37.651733]: text loss 7.5260 | rating loss 0.7362 |   200/  519 batches
[2023-01-03 08:03:31.773264]: text loss 7.8551 | rating loss 0.7372 |   400/  519 batches
[2023-01-03 08:04:03.718187]: text loss 8.1016 | rating loss 0.7258 |   519/  519 batches
[2023-01-03 08:04:09.520849]: text loss 18.5778 | rating loss 0.7325 | valid loss 3.6544 on validation
[2023-01-03 08:04:09.521252]: Endured 3 time(s)
[2023-01-03 08:04:09.521410]: epoch 7
[2023-01-03 08:05:03.691017]: text loss 6.5263 | rating loss 0.7225 |   200/  519 batches
[2023-01-03 08:05:57.816240]: text loss 6.8437 | rating loss 0.7188 |   400/  519 batches
[2023-01-03 08:06:29.818481]: text loss 7.0065 | rating loss 0.7184 |   519/  519 batches
[2023-01-03 08:06:35.632077]: text loss 20.5015 | rating loss 0.7305 | valid loss 3.7510 on validation
[2023-01-03 08:06:35.632561]: Endured 4 time(s)
[2023-01-03 08:06:35.632702]: epoch 8
[2023-01-03 08:07:29.780075]: text loss 5.6380 | rating loss 0.7142 |   200/  519 batches
[2023-01-03 08:08:23.887212]: text loss 5.9780 | rating loss 0.7196 |   400/  519 batches
[2023-01-03 08:08:55.837766]: text loss 6.2087 | rating loss 0.7115 |   519/  519 batches
[2023-01-03 08:09:01.653510]: text loss 22.8415 | rating loss 0.7300 | valid loss 3.8586 on validation
[2023-01-03 08:09:01.653934]: Endured 5 time(s)
[2023-01-03 08:09:01.654075]: Cannot endure it anymore | Exiting from early stop
------------------------------以下是在测试集上的表现------------------------------
[2023-01-03 08:09:07.908131]: text loss 15.9492 | rating loss 0.7368 on test data
[2023-01-03 08:09:07.908305]: Generating text
[2023-01-03 08:10:47.898572]: RMSE  0.8584
[2023-01-03 08:10:47.901615]: MAE  0.6818
[2023-01-03 08:10:49.702816]: BLEU-1 22.1854
[2023-01-03 08:10:50.625150]: BLEU-4  3.9869
[2023-01-03 08:10:53.479209]: USR  0.5025 | USN    4166
[2023-01-03 08:10:58.589098]: DIV  0.0008
[2023-01-03 08:10:58.591502]: FCR  0.0038
[2023-01-03 08:10:58.592775]: FMR  0.0000
[2023-01-03 08:11:00.389153]: rouge_1/f_score 26.4734
[2023-01-03 08:11:00.389841]: rouge_1/r_score 24.6847
[2023-01-03 08:11:00.389964]: rouge_1/p_score 35.4457
[2023-01-03 08:11:00.390071]: rouge_2/f_score 10.0586
[2023-01-03 08:11:00.390177]: rouge_2/r_score  9.4962
[2023-01-03 08:11:00.390271]: rouge_2/p_score 14.1406
[2023-01-03 08:11:00.390366]: rouge_l/f_score 21.1791
[2023-01-03 08:11:00.390458]: rouge_l/r_score 22.9106
[2023-01-03 08:11:00.390551]: rouge_l/p_score 24.4709
[2023-01-03 08:11:00.430415]: Generated text saved to (./douban/generated.txt)
******
