------------------------------以下是训练过程------------------------------
[2023-01-03 06:36:31.196471]: epoch 1
[2023-01-03 06:37:05.929267]: text loss 30.1879 | rating loss 1.6197 |   200/  519 batches
[2023-01-03 06:37:39.489251]: text loss 22.2477 | rating loss 1.0179 |   400/  519 batches
[2023-01-03 06:37:59.373660]: text loss 21.9432 | rating loss 1.0635 |   519/  519 batches
[2023-01-03 06:38:02.944961]: text loss 20.3456 | rating loss 1.0181 | valid loss 4.0310 on validation
[2023-01-03 06:38:04.111326]: epoch 2
[2023-01-03 06:38:37.741601]: text loss 16.8760 | rating loss 1.0283 |   200/  519 batches
[2023-01-03 06:39:11.297270]: text loss 18.0072 | rating loss 1.0408 |   400/  519 batches
[2023-01-03 06:39:31.170644]: text loss 18.2303 | rating loss 1.0327 |   519/  519 batches
[2023-01-03 06:39:34.741820]: text loss 20.6029 | rating loss 1.0178 | valid loss 4.0432 on validation
[2023-01-03 06:39:34.742190]: Endured 1 time(s)
[2023-01-03 06:39:34.742327]: epoch 3
[2023-01-03 06:40:08.356660]: text loss 13.3985 | rating loss 1.0344 |   200/  519 batches
[2023-01-03 06:40:41.918141]: text loss 14.8559 | rating loss 1.0289 |   400/  519 batches
[2023-01-03 06:41:01.761830]: text loss 15.4540 | rating loss 1.0401 |   519/  519 batches
[2023-01-03 06:41:05.362283]: text loss 21.5283 | rating loss 1.0321 | valid loss 4.1015 on validation
[2023-01-03 06:41:05.362776]: Endured 2 time(s)
[2023-01-03 06:41:05.362912]: epoch 4
[2023-01-03 06:41:39.009706]: text loss 10.6738 | rating loss 1.0355 |   200/  519 batches
[2023-01-03 06:42:12.540838]: text loss 12.2088 | rating loss 1.0381 |   400/  519 batches
[2023-01-03 06:42:32.369909]: text loss 12.7934 | rating loss 1.0189 |   519/  519 batches
[2023-01-03 06:42:35.945246]: text loss 23.1873 | rating loss 1.0189 | valid loss 4.1625 on validation
[2023-01-03 06:42:35.945727]: Endured 3 time(s)
[2023-01-03 06:42:35.945848]: epoch 5
[2023-01-03 06:43:09.502795]: text loss 8.3399 | rating loss 1.0265 |   200/  519 batches
[2023-01-03 06:43:43.033943]: text loss 9.8451 | rating loss 1.0421 |   400/  519 batches
[2023-01-03 06:44:02.898121]: text loss 10.5485 | rating loss 1.0218 |   519/  519 batches
[2023-01-03 06:44:06.472229]: text loss 25.4860 | rating loss 1.0199 | valid loss 4.2581 on validation
[2023-01-03 06:44:06.472703]: Endured 4 time(s)
[2023-01-03 06:44:06.472872]: epoch 6
[2023-01-03 06:44:40.055454]: text loss 6.5523 | rating loss 1.0249 |   200/  519 batches
[2023-01-03 06:45:13.654627]: text loss 7.8934 | rating loss 1.0244 |   400/  519 batches
[2023-01-03 06:45:33.535292]: text loss 8.4274 | rating loss 1.0333 |   519/  519 batches
[2023-01-03 06:45:37.124147]: text loss 30.3533 | rating loss 1.0075 | valid loss 4.4204 on validation
[2023-01-03 06:45:37.124740]: Endured 5 time(s)
[2023-01-03 06:45:37.124965]: Cannot endure it anymore | Exiting from early stop
------------------------------以下是在测试集上的表现------------------------------
[2023-01-03 06:45:41.237783]: text loss 20.2640 | rating loss 1.0654 on test data
[2023-01-03 06:45:41.237948]: Generating text
[2023-01-03 06:46:29.620961]: RMSE  1.0322
[2023-01-03 06:46:29.624113]: MAE  0.8567
[2023-01-03 06:46:31.707839]: BLEU-1 21.5379
[2023-01-03 06:46:32.633621]: BLEU-4  3.4190
[2023-01-03 06:46:32.678196]: USR  0.0153 | USN     127
[2023-01-03 06:46:34.477936]: rouge_1/f_score 26.5516
[2023-01-03 06:46:34.478314]: rouge_1/r_score 24.0132
[2023-01-03 06:46:34.478449]: rouge_1/p_score 39.0629
[2023-01-03 06:46:34.478547]: rouge_2/f_score  9.6655
[2023-01-03 06:46:34.478645]: rouge_2/r_score  8.8315
[2023-01-03 06:46:34.478740]: rouge_2/p_score 15.3566
[2023-01-03 06:46:34.478834]: rouge_l/f_score 20.0689
[2023-01-03 06:46:34.478927]: rouge_l/r_score 22.4537
[2023-01-03 06:46:34.479027]: rouge_l/p_score 22.3072
[2023-01-03 06:46:34.545518]: Generated text saved to (./douban/generated.txt)
*********